Added Component: Designator=KF3(Con 2 KF301 5.08)
Add component (AddParameter): Name = "Chung_Loai"; Value = "C?m"; VariantName = "[No Variations]"
Add component (AddParameter): Name = "Don_Vi"; Value = "Con"; VariantName = "[No Variations]"
Add component (AddParameter): Name = "Ghi_Chu"; Value = ""; VariantName = "[No Variations]"
Add component (AddParameter): Name = "Kieu_Chan"; Value = ""; VariantName = "[No Variations]"
Add component (AddParameter): Name = "Ma_Hang"; Value = "MH000987"; VariantName = "[No Variations]"
Add component (AddParameter): Name = "Ten_Linh_Kien"; Value = "CON 2 KF301-2P 5.08MM Xanh Duong"; VariantName = "[No Variations]"
Added Pin To Net: NetName=VCC Pin=KF3-1
Added Pin To Net: NetName=GND Pin=KF3-2
Added Member To Class: ClassName=Sheet1 Member=Component C1 1u
Added Member To Class: ClassName=Sheet1 Member=Component C2 100nF
Added Member To Class: ClassName=Sheet1 Member=Component D1 5.1V
Added Member To Class: ClassName=Sheet1 Member=Component D2 P6KE36CA
Added Member To Class: ClassName=Sheet1 Member=Component D3 3.3V
Added Member To Class: ClassName=Sheet1 Member=Component D4 P6KE36CA
Added Member To Class: ClassName=Sheet1 Member=Component KF1 CON 2 KF301
Added Member To Class: ClassName=Sheet1 Member=Component KF2 CON 2 KF301
Added Member To Class: ClassName=Sheet1 Member=Component KF3 CON 2 KF301
Added Member To Class: ClassName=Sheet1 Member=Component R1 470R
Added Member To Class: ClassName=Sheet1 Member=Component R2 8.2k
Added Member To Class: ClassName=Sheet1 Member=Component R3 33k
Added Member To Class: ClassName=Sheet1 Member=Component R4 1k
Added Member To Class: ClassName=Sheet1 Member=Component R5 33k
Added Member To Class: ClassName=Sheet1 Member=Component R6 8.2k
Added Member To Class: ClassName=Sheet1 Member=Component U1 MCP6002-I/P
Added Room: Name=Sheet1
